2024-08-30 00:56:28,422 - DEBUG - shared_imports.py loaded successfully.
2024-08-30 00:59:55,918 - DEBUG - shared_imports.py loaded successfully.
2024-08-30 01:00:34,718 - DEBUG - shared_imports.py loaded successfully.
2024-08-30 01:00:34,753 - INFO - Launching Total Commander: Picasso Edition...
2024-08-30 01:01:03,160 - DEBUG - shared_imports.py loaded successfully.
2024-08-30 01:01:03,817 - INFO - Launching Total Commander: Picasso Edition...
2024-08-30 01:02:07,183 - DEBUG - shared_imports.py loaded successfully.
2024-08-30 01:02:07,843 - INFO - Launching Total Commander: Picasso Edition...
2024-08-30 01:05:06,145 - DEBUG - shared_imports.py loaded successfully.
2024-08-30 01:05:06,814 - INFO - Launching Total Commander: Picasso Edition...
2024-08-30 01:06:11,951 - DEBUG - shared_imports.py loaded successfully.
2024-08-30 01:06:12,634 - INFO - Launching Total Commander: Picasso Edition...
2024-08-30 01:07:09,843 - DEBUG - shared_imports.py loaded successfully.
2024-08-30 01:07:10,507 - INFO - Launching Total Commander: Picasso Edition...
2024-08-30 01:07:10,579 - INFO - Sections added to the stack.
2024-08-30 01:07:10,580 - INFO - Settings loaded from .ini file.
2024-08-30 01:08:00,113 - DEBUG - shared_imports.py loaded successfully.
2024-08-30 01:08:00,794 - INFO - Launching Total Commander: Picasso Edition...
2024-08-30 01:08:00,873 - INFO - Sections added to the stack.
2024-08-30 01:08:00,875 - INFO - Settings loaded from .ini file.
2024-08-30 01:08:00,930 - INFO - All sections expanded.
2024-08-30 01:08:00,933 - INFO - Displaying section: General
2024-08-30 01:08:02,159 - INFO - Displaying section: Fonts
2024-08-30 01:08:02,607 - INFO - Displaying section: Alerts
2024-08-30 01:08:03,057 - INFO - Displaying section: General
2024-08-30 01:08:03,554 - INFO - Displaying section: Alerts
2024-08-30 01:08:03,917 - INFO - Displaying section: Language
2024-08-30 01:08:04,386 - INFO - Displaying section: Logs
2024-08-30 01:09:46,382 - DEBUG - shared_imports.py loaded successfully.
2024-08-30 01:09:47,064 - INFO - Launching Total Commander: Picasso Edition...
2024-08-30 01:09:47,136 - INFO - Tree items added in specified order.
2024-08-30 01:10:24,983 - DEBUG - shared_imports.py loaded successfully.
2024-08-30 01:10:25,776 - INFO - Launching Total Commander: Picasso Edition...
2024-08-30 01:10:25,871 - INFO - Tree items added in specified order.
2024-08-30 01:10:25,875 - INFO - Sections added to the stack.
2024-08-30 01:10:25,875 - INFO - Settings loaded from .ini file.
2024-08-30 01:10:25,926 - INFO - All sections expanded.
2024-08-30 01:10:25,931 - INFO - Displaying section: General
2024-08-30 01:10:27,771 - INFO - Displaying section: Alerts
2024-08-30 01:10:28,271 - INFO - Displaying section: Fonts
2024-08-30 01:10:28,838 - INFO - Displaying section: Logs
2024-08-30 01:10:31,474 - INFO - Displaying section: Language
2024-08-30 01:10:32,057 - INFO - Displaying section: Fonts
2024-08-30 01:10:32,612 - INFO - Displaying section: Logs
2024-08-30 01:10:52,081 - DEBUG - shared_imports.py loaded successfully.
2024-08-30 01:10:52,781 - INFO - Launching Total Commander: Picasso Edition...
2024-08-30 01:10:52,853 - INFO - Tree items added in specified order.
2024-08-30 01:10:52,857 - INFO - Sections added to the stack.
2024-08-30 01:10:52,858 - INFO - Settings loaded from .ini file.
2024-08-30 01:10:52,909 - INFO - All sections expanded.
2024-08-30 01:10:52,915 - INFO - Displaying section: General
2024-08-30 01:10:54,062 - INFO - Displaying section: Logs
2024-08-30 01:12:38,821 - DEBUG - shared_imports.py loaded successfully.
2024-08-30 01:12:39,499 - INFO - Launching Total Commander: Picasso Edition...
2024-08-30 01:12:39,572 - INFO - Tree items added in specified order.
2024-08-30 01:13:05,696 - DEBUG - shared_imports.py loaded successfully.
2024-08-30 01:13:06,436 - INFO - Launching Total Commander: Picasso Edition...
2024-08-30 01:13:06,517 - INFO - Tree items added in specified order.
2024-08-30 01:13:06,537 - INFO - Sections added to the stack.
2024-08-30 01:13:06,538 - INFO - Settings loaded from .ini file.
2024-08-30 01:13:06,539 - INFO - Default log settings restored.
2024-08-30 01:13:06,539 - INFO - No log settings found in .ini, loaded defaults.
2024-08-30 01:14:03,114 - DEBUG - shared_imports.py loaded successfully.
2024-08-30 01:14:03,803 - INFO - Launching Total Commander: Picasso Edition...
2024-08-30 01:14:03,876 - INFO - Tree items added in specified order.
2024-08-30 01:14:03,884 - INFO - Sections added to the stack.
2024-08-30 01:14:03,885 - INFO - Settings loaded from .ini file.
2024-08-30 01:14:03,885 - INFO - Default log settings restored.
2024-08-30 01:14:03,886 - INFO - No log settings found in .ini, loaded defaults.
2024-08-30 01:15:17,481 - DEBUG - shared_imports.py loaded successfully.
2024-08-30 01:15:18,185 - INFO - Launching Total Commander: Picasso Edition...
2024-08-30 01:15:18,260 - INFO - Tree items added in specified order.
2024-08-30 01:15:18,269 - INFO - Sections added to the stack.
2024-08-30 01:15:18,270 - INFO - Settings loaded from .ini file.
2024-08-30 01:15:18,270 - INFO - Default log settings restored.
2024-08-30 01:15:18,271 - INFO - No log settings found in .ini, loaded defaults.
2024-08-30 01:15:18,318 - INFO - All sections expanded.
2024-08-30 01:15:18,319 - INFO - Initial settings applied.
2024-08-30 01:15:18,322 - INFO - Displaying section: General
2024-08-30 01:15:20,978 - INFO - Displaying section: Alerts
2024-08-30 01:15:21,348 - INFO - Displaying section: Fonts
2024-08-30 01:15:21,834 - INFO - Displaying section: Language
2024-08-30 01:15:22,231 - INFO - Displaying section: Logs
2024-08-30 01:16:07,982 - INFO - Settings loaded from .ini file.
2024-08-30 01:16:07,983 - INFO - Default log settings restored.
2024-08-30 01:16:07,983 - INFO - No log settings found in .ini, loaded defaults.
2024-08-30 01:16:07,984 - INFO - Changes canceled and settings reverted.
2024-08-30 01:17:15,619 - DEBUG - shared_imports.py loaded successfully.
2024-08-30 01:17:16,360 - INFO - Launching Total Commander: Picasso Edition...
2024-08-30 01:17:16,465 - INFO - Tree items added in specified order.
2024-08-30 01:17:16,474 - INFO - Sections added to the stack.
2024-08-30 01:17:16,475 - INFO - Settings loaded from .ini file.
2024-08-30 01:17:16,475 - INFO - Default log settings restored.
2024-08-30 01:17:16,476 - INFO - No log settings found in .ini, loaded defaults.
2024-08-30 01:17:16,524 - INFO - All sections expanded.
2024-08-30 01:17:16,524 - INFO - Initial settings applied.
2024-08-30 01:17:16,527 - INFO - Displaying section: General
2024-08-30 01:17:19,625 - INFO - Displaying section: Logs
2024-08-30 01:18:21,516 - INFO - Settings loaded from .ini file.
2024-08-30 01:18:21,517 - INFO - Default log settings restored.
2024-08-30 01:18:21,518 - INFO - No log settings found in .ini, loaded defaults.
2024-08-30 01:18:21,518 - INFO - Changes canceled and settings reverted.
2024-08-30 01:18:23,594 - DEBUG - shared_imports.py loaded successfully.
2024-08-30 01:18:24,292 - INFO - Launching Total Commander: Picasso Edition...
2024-08-30 01:18:24,362 - INFO - Tree items added in specified order.
2024-08-30 01:18:24,370 - INFO - Sections added to the stack.
2024-08-30 01:18:24,371 - INFO - Settings loaded from .ini file.
2024-08-30 01:18:24,371 - INFO - Default log settings restored.
2024-08-30 01:18:24,372 - INFO - No log settings found in .ini, loaded defaults.
2024-08-30 01:18:24,424 - INFO - All sections expanded.
2024-08-30 01:18:24,425 - INFO - Initial settings applied.
2024-08-30 01:18:24,430 - INFO - Displaying section: General
2024-08-30 01:18:25,565 - INFO - Displaying section: Logs
2024-08-30 01:19:21,007 - INFO - Displaying section: Language
2024-08-30 01:19:21,624 - INFO - Displaying section: Logs
2024-08-30 01:19:22,167 - INFO - Displaying section: Language
2024-08-30 01:19:22,632 - INFO - Displaying section: Logs
2024-08-30 01:23:49,969 - INFO - Displaying section: Tags
